c:\users\tim\desktop\engine\vf\vf\x64\debug\vc142.pdb
c:\users\tim\desktop\engine\vf\vf\x64\debug\vc142.idb
c:\users\tim\desktop\engine\vf\vf\x64\debug\main.obj
c:\users\tim\desktop\voidfall\voidfall\vf\vf\x64\debug\vc142.pdb
c:\users\tim\desktop\voidfall\voidfall\vf\vf\x64\debug\vc142.idb
c:\users\tim\desktop\voidfall\voidfall\vf\vf\x64\debug\main.obj
c:\users\tim\desktop\engine\vf\x64\debug\vf.exe
c:\users\tim\desktop\engine\vf\x64\debug\vf.ilk
c:\users\tim\desktop\engine\vf\x64\debug\vf.pdb
c:\users\tim\desktop\voidfall\voidfall\vf\x64\debug\vf.exe
c:\users\tim\desktop\voidfall\voidfall\vf\x64\debug\vf.ilk
c:\users\tim\desktop\voidfall\voidfall\vf\x64\debug\vf.pdb
c:\users\tim\desktop\voidfall\voidfall\vf\x64\debug\vf.lib
c:\users\tim\desktop\voidfall\voidfall\vf\x64\debug\vf.exp
c:\users\tim\desktop\voidfall\voidfall\vf\vf\x64\debug\vf.tlog\cl.command.1.tlog
c:\users\tim\desktop\voidfall\voidfall\vf\vf\x64\debug\vf.tlog\cl.read.1.tlog
c:\users\tim\desktop\voidfall\voidfall\vf\vf\x64\debug\vf.tlog\cl.write.1.tlog
c:\users\tim\desktop\voidfall\voidfall\vf\vf\x64\debug\vf.tlog\link.33408.delete.1.tlog
c:\users\tim\desktop\voidfall\voidfall\vf\vf\x64\debug\vf.tlog\link.command.1.tlog
c:\users\tim\desktop\voidfall\voidfall\vf\vf\x64\debug\vf.tlog\link.delete.1.tlog
c:\users\tim\desktop\voidfall\voidfall\vf\vf\x64\debug\vf.tlog\link.read.1.tlog
c:\users\tim\desktop\voidfall\voidfall\vf\vf\x64\debug\vf.tlog\link.write.1.tlog
c:\users\tim\desktop\voidfall\voidfall\vf\vf\x64\debug\vf.tlog\vf.write.1u.tlog
