main.obj : error LNK2019: unresolved external symbol "public: __thiscall bgfx::Init::Init(void)" (??0Init@bgfx@@QAE@XZ) referenced in function _main
main.obj : error LNK2019: unresolved external symbol "bool __cdecl bgfx::init(struct bgfx::Init const &)" (?init@bgfx@@YA_NABUInit@1@@Z) referenced in function _main
main.obj : error LNK2019: unresolved external symbol __imp__alGetError referenced in function "bool __cdecl check_al_errors(class std::basic_string<char,struct std::char_traits<char>,class std::allocator<char> > const &,unsigned int)" (?check_al_errors@@YA_NABV?$basic_string@DU?$char_traits@D@std@@V?$allocator@D@2@@std@@I@Z)
main.obj : error LNK2019: unresolved external symbol __imp__alGenSources referenced in function "int __cdecl playSound(class std::basic_string<char,struct std::char_traits<char>,class std::allocator<char> >)" (?playSound@@YAHV?$basic_string@DU?$char_traits@D@std@@V?$allocator@D@2@@std@@@Z)
main.obj : error LNK2019: unresolved external symbol __imp__alDeleteSources referenced in function "int __cdecl playSound(class std::basic_string<char,struct std::char_traits<char>,class std::allocator<char> >)" (?playSound@@YAHV?$basic_string@DU?$char_traits@D@std@@V?$allocator@D@2@@std@@@Z)
main.obj : error LNK2019: unresolved external symbol __imp__alSourcef referenced in function "int __cdecl playSound(class std::basic_string<char,struct std::char_traits<char>,class std::allocator<char> >)" (?playSound@@YAHV?$basic_string@DU?$char_traits@D@std@@V?$allocator@D@2@@std@@@Z)
main.obj : error LNK2019: unresolved external symbol __imp__alSource3f referenced in function "int __cdecl playSound(class std::basic_string<char,struct std::char_traits<char>,class std::allocator<char> >)" (?playSound@@YAHV?$basic_string@DU?$char_traits@D@std@@V?$allocator@D@2@@std@@@Z)
main.obj : error LNK2019: unresolved external symbol __imp__alSourcei referenced in function "int __cdecl playSound(class std::basic_string<char,struct std::char_traits<char>,class std::allocator<char> >)" (?playSound@@YAHV?$basic_string@DU?$char_traits@D@std@@V?$allocator@D@2@@std@@@Z)
main.obj : error LNK2019: unresolved external symbol __imp__alGetSourcei referenced in function "int __cdecl playSound(class std::basic_string<char,struct std::char_traits<char>,class std::allocator<char> >)" (?playSound@@YAHV?$basic_string@DU?$char_traits@D@std@@V?$allocator@D@2@@std@@@Z)
main.obj : error LNK2019: unresolved external symbol __imp__alSourcePlay referenced in function "int __cdecl playSound(class std::basic_string<char,struct std::char_traits<char>,class std::allocator<char> >)" (?playSound@@YAHV?$basic_string@DU?$char_traits@D@std@@V?$allocator@D@2@@std@@@Z)
main.obj : error LNK2019: unresolved external symbol __imp__alGenBuffers referenced in function "int __cdecl playSound(class std::basic_string<char,struct std::char_traits<char>,class std::allocator<char> >)" (?playSound@@YAHV?$basic_string@DU?$char_traits@D@std@@V?$allocator@D@2@@std@@@Z)
main.obj : error LNK2019: unresolved external symbol __imp__alDeleteBuffers referenced in function "int __cdecl playSound(class std::basic_string<char,struct std::char_traits<char>,class std::allocator<char> >)" (?playSound@@YAHV?$basic_string@DU?$char_traits@D@std@@V?$allocator@D@2@@std@@@Z)
main.obj : error LNK2019: unresolved external symbol __imp__alBufferData referenced in function "int __cdecl playSound(class std::basic_string<char,struct std::char_traits<char>,class std::allocator<char> >)" (?playSound@@YAHV?$basic_string@DU?$char_traits@D@std@@V?$allocator@D@2@@std@@@Z)
main.obj : error LNK2019: unresolved external symbol __imp__alcCreateContext referenced in function "int __cdecl playSound(class std::basic_string<char,struct std::char_traits<char>,class std::allocator<char> >)" (?playSound@@YAHV?$basic_string@DU?$char_traits@D@std@@V?$allocator@D@2@@std@@@Z)
main.obj : error LNK2019: unresolved external symbol __imp__alcMakeContextCurrent referenced in function "int __cdecl playSound(class std::basic_string<char,struct std::char_traits<char>,class std::allocator<char> >)" (?playSound@@YAHV?$basic_string@DU?$char_traits@D@std@@V?$allocator@D@2@@std@@@Z)
main.obj : error LNK2019: unresolved external symbol __imp__alcDestroyContext referenced in function "int __cdecl playSound(class std::basic_string<char,struct std::char_traits<char>,class std::allocator<char> >)" (?playSound@@YAHV?$basic_string@DU?$char_traits@D@std@@V?$allocator@D@2@@std@@@Z)
main.obj : error LNK2019: unresolved external symbol __imp__alcOpenDevice referenced in function "int __cdecl playSound(class std::basic_string<char,struct std::char_traits<char>,class std::allocator<char> >)" (?playSound@@YAHV?$basic_string@DU?$char_traits@D@std@@V?$allocator@D@2@@std@@@Z)
main.obj : error LNK2019: unresolved external symbol __imp__alcCloseDevice referenced in function "int __cdecl playSound(class std::basic_string<char,struct std::char_traits<char>,class std::allocator<char> >)" (?playSound@@YAHV?$basic_string@DU?$char_traits@D@std@@V?$allocator@D@2@@std@@@Z)
main.obj : error LNK2019: unresolved external symbol __imp__alcGetError referenced in function "bool __cdecl check_alc_errors(class std::basic_string<char,struct std::char_traits<char>,class std::allocator<char> > const &,unsigned int,struct ALCdevice_struct *)" (?check_alc_errors@@YA_NABV?$basic_string@DU?$char_traits@D@std@@V?$allocator@D@2@@std@@IPAUALCdevice_struct@@@Z)
C:\Users\Tim\Desktop\Voidfall\Voidfall\Vf\\..\GLEW\lib\release\x64\glew32s.lib : warning LNK4272: library machine type 'x64' conflicts with target machine type 'x86'
C:\Users\Tim\Desktop\Voidfall\Voidfall\Vf\\..\GLFW\lib-vc2019\glfw3.lib : warning LNK4272: library machine type 'x64' conflicts with target machine type 'x86'
C:\Users\Tim\Desktop\Voidfall\Voidfall\Vf\\..\GLFW\lib-vc2019\glfw3dll.lib : warning LNK4272: library machine type 'x64' conflicts with target machine type 'x86'
C:\Users\Tim\Desktop\Voidfall\Voidfall\Vf\\lib\bgfxDebug.lib : warning LNK4272: library machine type 'x64' conflicts with target machine type 'x86'
C:\Users\Tim\Desktop\Voidfall\Voidfall\Vf\\lib\bgfxRelease.lib : warning LNK4272: library machine type 'x64' conflicts with target machine type 'x86'
C:\Users\Tim\Desktop\Voidfall\Voidfall\Vf\\lib\bxDebug.lib : warning LNK4272: library machine type 'x64' conflicts with target machine type 'x86'
C:\Users\Tim\Desktop\Voidfall\Voidfall\Vf\\lib\bxRelease.lib : warning LNK4272: library machine type 'x64' conflicts with target machine type 'x86'
C:\Users\Tim\Desktop\Voidfall\Voidfall\Vf\\lib\bimgDebug.lib : warning LNK4272: library machine type 'x64' conflicts with target machine type 'x86'
C:\Users\Tim\Desktop\Voidfall\Voidfall\Vf\\lib\bimgRelease.lib : warning LNK4272: library machine type 'x64' conflicts with target machine type 'x86'
C:\Users\Tim\Desktop\Voidfall\Voidfall\Vf\\..\OpenAL\OpenAL32.lib : warning LNK4272: library machine type 'x64' conflicts with target machine type 'x86'
C:\Users\Tim\Desktop\Voidfall\Voidfall\Vf\\lib\bimg_decodeDebug.lib : warning LNK4272: library machine type 'x64' conflicts with target machine type 'x86'
C:\Users\Tim\Desktop\Voidfall\Voidfall\Vf\\lib\bimg_decodeRelease.lib : warning LNK4272: library machine type 'x64' conflicts with target machine type 'x86'
C:\Users\Tim\Desktop\Voidfall\Voidfall\Vf\Debug\Vf.exe : fatal error LNK1120: 19 unresolved externals
