The system is: Windows - 10.0.18362 - AMD64
Compiling the C compiler identification source file "CMakeCCompilerId.c" succeeded.
Compiler:  
Build flags: 
Id flags:  

The output was:
0
Microsoft (R) Build Engine version 16.5.0+d4cbfca49 for .NET Framework
Copyright (C) Microsoft Corporation. All rights reserved.

Build started 2020-04-22 19:00:20.
Project "C:\Users\Tim\Desktop\Voidfall\Voidfall\OpenALSoft\CMakeFiles\3.17.1\CompilerIdC\CompilerIdC.vcxproj" on node 1 (default targets).
PrepareForBuild:
  Creating directory "Debug\".
  Creating directory "Debug\CompilerIdC.tlog\".
InitializeBuildStatus:
  Creating "Debug\CompilerIdC.tlog\unsuccessfulbuild" because "AlwaysCreate" was specified.
ClCompile:
  C:\Program Files (x86)\Microsoft Visual Studio\2019\Community\VC\Tools\MSVC\14.25.28610\bin\HostX64\x64\CL.exe /c /nologo /W0 /WX- /diagnostics:column /Od /D _MBCS /Gm- /EHsc /RTC1 /MDd /GS /fp:precise /Zc:wchar_t /Zc:forScope /Zc:inline /Fo"Debug\\" /Fd"Debug\vc142.pdb" /Gd /TC /FC /errorReport:queue CMakeCCompilerId.c
  CMakeCCompilerId.c
Link:
  C:\Program Files (x86)\Microsoft Visual Studio\2019\Community\VC\Tools\MSVC\14.25.28610\bin\HostX64\x64\link.exe /ERRORREPORT:QUEUE /OUT:".\CompilerIdC.exe" /INCREMENTAL:NO /NOLOGO kernel32.lib user32.lib gdi32.lib winspool.lib comdlg32.lib advapi32.lib shell32.lib ole32.lib oleaut32.lib uuid.lib odbc32.lib odbccp32.lib /MANIFEST /MANIFESTUAC:"level='asInvoker' uiAccess='false'" /manifest:embed /PDB:".\CompilerIdC.pdb" /SUBSYSTEM:CONSOLE /TLBID:1 /DYNAMICBASE /NXCOMPAT /IMPLIB:".\CompilerIdC.lib" /MACHINE:X64 Debug\CMakeCCompilerId.obj
  CompilerIdC.vcxproj -> C:\Users\Tim\Desktop\Voidfall\Voidfall\OpenALSoft\CMakeFiles\3.17.1\CompilerIdC\.\CompilerIdC.exe
PostBuildEvent:
  for %%i in (cl.exe) do @echo CMAKE_C_COMPILER=%%~$PATH:i
  :VCEnd
  CMAKE_C_COMPILER=C:\Program Files (x86)\Microsoft Visual Studio\2019\Community\VC\Tools\MSVC\14.25.28610\bin\Hostx64\x64\cl.exe
FinalizeBuildStatus:
  Deleting file "Debug\CompilerIdC.tlog\unsuccessfulbuild".
  Touching "Debug\CompilerIdC.tlog\CompilerIdC.lastbuildstate".
Done Building Project "C:\Users\Tim\Desktop\Voidfall\Voidfall\OpenALSoft\CMakeFiles\3.17.1\CompilerIdC\CompilerIdC.vcxproj" (default targets).

Build succeeded.
    0 Warning(s)
    0 Error(s)

Time Elapsed 00:00:01.25


Compilation of the C compiler identification source "CMakeCCompilerId.c" produced "CompilerIdC.exe"

Compilation of the C compiler identification source "CMakeCCompilerId.c" produced "CompilerIdC.vcxproj"

The C compiler identification is MSVC, found in "C:/Users/Tim/Desktop/Voidfall/Voidfall/OpenALSoft/CMakeFiles/3.17.1/CompilerIdC/CompilerIdC.exe"

Compiling the CXX compiler identification source file "CMakeCXXCompilerId.cpp" succeeded.
Compiler:  
Build flags: 
Id flags:  

The output was:
0
Microsoft (R) Build Engine version 16.5.0+d4cbfca49 for .NET Framework
Copyright (C) Microsoft Corporation. All rights reserved.

Build started 2020-04-22 19:00:22.
Project "C:\Users\Tim\Desktop\Voidfall\Voidfall\OpenALSoft\CMakeFiles\3.17.1\CompilerIdCXX\CompilerIdCXX.vcxproj" on node 1 (default targets).
PrepareForBuild:
  Creating directory "Debug\".
  Creating directory "Debug\CompilerIdCXX.tlog\".
InitializeBuildStatus:
  Creating "Debug\CompilerIdCXX.tlog\unsuccessfulbuild" because "AlwaysCreate" was specified.
ClCompile:
  C:\Program Files (x86)\Microsoft Visual Studio\2019\Community\VC\Tools\MSVC\14.25.28610\bin\HostX64\x64\CL.exe /c /nologo /W0 /WX- /diagnostics:column /Od /D _MBCS /Gm- /EHsc /RTC1 /MDd /GS /fp:precise /Zc:wchar_t /Zc:forScope /Zc:inline /Fo"Debug\\" /Fd"Debug\vc142.pdb" /Gd /TP /FC /errorReport:queue CMakeCXXCompilerId.cpp
  CMakeCXXCompilerId.cpp
Link:
  C:\Program Files (x86)\Microsoft Visual Studio\2019\Community\VC\Tools\MSVC\14.25.28610\bin\HostX64\x64\link.exe /ERRORREPORT:QUEUE /OUT:".\CompilerIdCXX.exe" /INCREMENTAL:NO /NOLOGO kernel32.lib user32.lib gdi32.lib winspool.lib comdlg32.lib advapi32.lib shell32.lib ole32.lib oleaut32.lib uuid.lib odbc32.lib odbccp32.lib /MANIFEST /MANIFESTUAC:"level='asInvoker' uiAccess='false'" /manifest:embed /PDB:".\CompilerIdCXX.pdb" /SUBSYSTEM:CONSOLE /TLBID:1 /DYNAMICBASE /NXCOMPAT /IMPLIB:".\CompilerIdCXX.lib" /MACHINE:X64 Debug\CMakeCXXCompilerId.obj
  CompilerIdCXX.vcxproj -> C:\Users\Tim\Desktop\Voidfall\Voidfall\OpenALSoft\CMakeFiles\3.17.1\CompilerIdCXX\.\CompilerIdCXX.exe
PostBuildEvent:
  for %%i in (cl.exe) do @echo CMAKE_CXX_COMPILER=%%~$PATH:i
  :VCEnd
  CMAKE_CXX_COMPILER=C:\Program Files (x86)\Microsoft Visual Studio\2019\Community\VC\Tools\MSVC\14.25.28610\bin\Hostx64\x64\cl.exe
FinalizeBuildStatus:
  Deleting file "Debug\CompilerIdCXX.tlog\unsuccessfulbuild".
  Touching "Debug\CompilerIdCXX.tlog\CompilerIdCXX.lastbuildstate".
Done Building Project "C:\Users\Tim\Desktop\Voidfall\Voidfall\OpenALSoft\CMakeFiles\3.17.1\CompilerIdCXX\CompilerIdCXX.vcxproj" (default targets).

Build succeeded.
    0 Warning(s)
    0 Error(s)

Time Elapsed 00:00:00.95


Compilation of the CXX compiler identification source "CMakeCXXCompilerId.cpp" produced "CompilerIdCXX.exe"

Compilation of the CXX compiler identification source "CMakeCXXCompilerId.cpp" produced "CompilerIdCXX.vcxproj"

The CXX compiler identification is MSVC, found in "C:/Users/Tim/Desktop/Voidfall/Voidfall/OpenALSoft/CMakeFiles/3.17.1/CompilerIdCXX/CompilerIdCXX.exe"

Determining if the C compiler works passed with the following output:
Change Dir: C:/Users/Tim/Desktop/Voidfall/Voidfall/OpenALSoft/CMakeFiles/CMakeTmp

Run Build Command(s):C:/Program Files (x86)/Microsoft Visual Studio/2019/Community/MSBuild/Current/Bin/MSBuild.exe cmTC_3c9d4.vcxproj /p:Configuration=Debug /p:Platform=x64 /p:VisualStudioVersion=16.0 /v:m && Microsoft (R) Build Engine version 16.5.0+d4cbfca49 for .NET Framework
Copyright (C) Microsoft Corporation. All rights reserved.

  Microsoft (R) C/C++ Optimizing Compiler Version 19.25.28614 for x64
  testCCompiler.c
  Copyright (C) Microsoft Corporation.  All rights reserved.
  cl /c /Zi /W3 /WX- /diagnostics:column /Od /Ob0 /D WIN32 /D _WINDOWS /D "CMAKE_INTDIR=\"Debug\"" /D _MBCS /Gm- /RTC1 /MDd /GS /fp:precise /Zc:wchar_t /Zc:forScope /Zc:inline /Fo"cmTC_3c9d4.dir\Debug\\" /Fd"cmTC_3c9d4.dir\Debug\vc142.pdb" /Gd /TC /errorReport:queue C:\Users\Tim\Desktop\Voidfall\Voidfall\OpenALSoft\CMakeFiles\CMakeTmp\testCCompiler.c
  cmTC_3c9d4.vcxproj -> C:\Users\Tim\Desktop\Voidfall\Voidfall\OpenALSoft\CMakeFiles\CMakeTmp\Debug\cmTC_3c9d4.exe



Detecting C compiler ABI info compiled with the following output:
Change Dir: C:/Users/Tim/Desktop/Voidfall/Voidfall/OpenALSoft/CMakeFiles/CMakeTmp

Run Build Command(s):C:/Program Files (x86)/Microsoft Visual Studio/2019/Community/MSBuild/Current/Bin/MSBuild.exe cmTC_cc713.vcxproj /p:Configuration=Debug /p:Platform=x64 /p:VisualStudioVersion=16.0 /v:m && Microsoft (R) Build Engine version 16.5.0+d4cbfca49 for .NET Framework
Copyright (C) Microsoft Corporation. All rights reserved.

  Microsoft (R) C/C++ Optimizing Compiler Version 19.25.28614 for x64
  CMakeCCompilerABI.c
  Copyright (C) Microsoft Corporation.  All rights reserved.
  cl /c /Zi /W3 /WX- /diagnostics:column /Od /Ob0 /D WIN32 /D _WINDOWS /D "CMAKE_INTDIR=\"Debug\"" /D _MBCS /Gm- /RTC1 /MDd /GS /fp:precise /Zc:wchar_t /Zc:forScope /Zc:inline /Fo"cmTC_cc713.dir\Debug\\" /Fd"cmTC_cc713.dir\Debug\vc142.pdb" /Gd /TC /errorReport:queue "C:\Program Files\CMake\share\cmake-3.17\Modules\CMakeCCompilerABI.c"
  cmTC_cc713.vcxproj -> C:\Users\Tim\Desktop\Voidfall\Voidfall\OpenALSoft\CMakeFiles\CMakeTmp\Debug\cmTC_cc713.exe



Determining if the CXX compiler works passed with the following output:
Change Dir: C:/Users/Tim/Desktop/Voidfall/Voidfall/OpenALSoft/CMakeFiles/CMakeTmp

Run Build Command(s):C:/Program Files (x86)/Microsoft Visual Studio/2019/Community/MSBuild/Current/Bin/MSBuild.exe cmTC_0a304.vcxproj /p:Configuration=Debug /p:Platform=x64 /p:VisualStudioVersion=16.0 /v:m && Microsoft (R) Build Engine version 16.5.0+d4cbfca49 for .NET Framework
Copyright (C) Microsoft Corporation. All rights reserved.

  Microsoft (R) C/C++ Optimizing Compiler Version 19.25.28614 for x64
  testCXXCompiler.cxx
  Copyright (C) Microsoft Corporation.  All rights reserved.
  cl /c /Zi /W3 /WX- /diagnostics:column /Od /Ob0 /D WIN32 /D _WINDOWS /D "CMAKE_INTDIR=\"Debug\"" /D _MBCS /Gm- /EHsc /RTC1 /MDd /GS /fp:precise /Zc:wchar_t /Zc:forScope /Zc:inline /GR /Fo"cmTC_0a304.dir\Debug\\" /Fd"cmTC_0a304.dir\Debug\vc142.pdb" /Gd /TP /errorReport:queue C:\Users\Tim\Desktop\Voidfall\Voidfall\OpenALSoft\CMakeFiles\CMakeTmp\testCXXCompiler.cxx
  cmTC_0a304.vcxproj -> C:\Users\Tim\Desktop\Voidfall\Voidfall\OpenALSoft\CMakeFiles\CMakeTmp\Debug\cmTC_0a304.exe



Detecting CXX compiler ABI info compiled with the following output:
Change Dir: C:/Users/Tim/Desktop/Voidfall/Voidfall/OpenALSoft/CMakeFiles/CMakeTmp

Run Build Command(s):C:/Program Files (x86)/Microsoft Visual Studio/2019/Community/MSBuild/Current/Bin/MSBuild.exe cmTC_b7c6b.vcxproj /p:Configuration=Debug /p:Platform=x64 /p:VisualStudioVersion=16.0 /v:m && Microsoft (R) Build Engine version 16.5.0+d4cbfca49 for .NET Framework
Copyright (C) Microsoft Corporation. All rights reserved.

  Microsoft (R) C/C++ Optimizing Compiler Version 19.25.28614 for x64
  CMakeCXXCompilerABI.cpp
  Copyright (C) Microsoft Corporation.  All rights reserved.
  cl /c /Zi /W3 /WX- /diagnostics:column /Od /Ob0 /D WIN32 /D _WINDOWS /D "CMAKE_INTDIR=\"Debug\"" /D _MBCS /Gm- /EHsc /RTC1 /MDd /GS /fp:precise /Zc:wchar_t /Zc:forScope /Zc:inline /GR /Fo"cmTC_b7c6b.dir\Debug\\" /Fd"cmTC_b7c6b.dir\Debug\vc142.pdb" /Gd /TP /errorReport:queue "C:\Program Files\CMake\share\cmake-3.17\Modules\CMakeCXXCompilerABI.cpp"
  cmTC_b7c6b.vcxproj -> C:\Users\Tim\Desktop\Voidfall\Voidfall\OpenALSoft\CMakeFiles\CMakeTmp\Debug\cmTC_b7c6b.exe



Determining if the include file sys/types.h exists passed with the following output:
Change Dir: C:/Users/Tim/Desktop/Voidfall/Voidfall/OpenALSoft/CMakeFiles/CMakeTmp

Run Build Command(s):C:/Program Files (x86)/Microsoft Visual Studio/2019/Community/MSBuild/Current/Bin/MSBuild.exe cmTC_3be2a.vcxproj /p:Configuration=Debug /p:Platform=x64 /p:VisualStudioVersion=16.0 /v:m && Microsoft (R) Build Engine version 16.5.0+d4cbfca49 for .NET Framework
Copyright (C) Microsoft Corporation. All rights reserved.

  Microsoft (R) C/C++ Optimizing Compiler Version 19.25.28614 for x64
  CheckIncludeFile.c
  Copyright (C) Microsoft Corporation.  All rights reserved.
  cl /c /Zi /W3 /WX- /diagnostics:column /Od /Ob0 /D WIN32 /D _WINDOWS /D "CMAKE_INTDIR=\"Debug\"" /D _MBCS /Gm- /RTC1 /MDd /GS /fp:precise /Zc:wchar_t /Zc:forScope /Zc:inline /Fo"cmTC_3be2a.dir\Debug\\" /Fd"cmTC_3be2a.dir\Debug\vc142.pdb" /Gd /TC /errorReport:queue C:\Users\Tim\Desktop\Voidfall\Voidfall\OpenALSoft\CMakeFiles\CMakeTmp\CheckIncludeFile.c
  cmTC_3be2a.vcxproj -> C:\Users\Tim\Desktop\Voidfall\Voidfall\OpenALSoft\CMakeFiles\CMakeTmp\Debug\cmTC_3be2a.exe



Determining if the include file stdint.h exists passed with the following output:
Change Dir: C:/Users/Tim/Desktop/Voidfall/Voidfall/OpenALSoft/CMakeFiles/CMakeTmp

Run Build Command(s):C:/Program Files (x86)/Microsoft Visual Studio/2019/Community/MSBuild/Current/Bin/MSBuild.exe cmTC_5402d.vcxproj /p:Configuration=Debug /p:Platform=x64 /p:VisualStudioVersion=16.0 /v:m && Microsoft (R) Build Engine version 16.5.0+d4cbfca49 for .NET Framework
Copyright (C) Microsoft Corporation. All rights reserved.

  Microsoft (R) C/C++ Optimizing Compiler Version 19.25.28614 for x64
  CheckIncludeFile.c
  Copyright (C) Microsoft Corporation.  All rights reserved.
  cl /c /Zi /W3 /WX- /diagnostics:column /Od /Ob0 /D WIN32 /D _WINDOWS /D "CMAKE_INTDIR=\"Debug\"" /D _MBCS /Gm- /RTC1 /MDd /GS /fp:precise /Zc:wchar_t /Zc:forScope /Zc:inline /Fo"cmTC_5402d.dir\Debug\\" /Fd"cmTC_5402d.dir\Debug\vc142.pdb" /Gd /TC /errorReport:queue C:\Users\Tim\Desktop\Voidfall\Voidfall\OpenALSoft\CMakeFiles\CMakeTmp\CheckIncludeFile.c
  cmTC_5402d.vcxproj -> C:\Users\Tim\Desktop\Voidfall\Voidfall\OpenALSoft\CMakeFiles\CMakeTmp\Debug\cmTC_5402d.exe



Determining if the include file stddef.h exists passed with the following output:
Change Dir: C:/Users/Tim/Desktop/Voidfall/Voidfall/OpenALSoft/CMakeFiles/CMakeTmp

Run Build Command(s):C:/Program Files (x86)/Microsoft Visual Studio/2019/Community/MSBuild/Current/Bin/MSBuild.exe cmTC_b40b2.vcxproj /p:Configuration=Debug /p:Platform=x64 /p:VisualStudioVersion=16.0 /v:m && Microsoft (R) Build Engine version 16.5.0+d4cbfca49 for .NET Framework
Copyright (C) Microsoft Corporation. All rights reserved.

  Microsoft (R) C/C++ Optimizing Compiler Version 19.25.28614 for x64
  CheckIncludeFile.c
  Copyright (C) Microsoft Corporation.  All rights reserved.
  cl /c /Zi /W3 /WX- /diagnostics:column /Od /Ob0 /D WIN32 /D _WINDOWS /D "CMAKE_INTDIR=\"Debug\"" /D _MBCS /Gm- /RTC1 /MDd /GS /fp:precise /Zc:wchar_t /Zc:forScope /Zc:inline /Fo"cmTC_b40b2.dir\Debug\\" /Fd"cmTC_b40b2.dir\Debug\vc142.pdb" /Gd /TC /errorReport:queue C:\Users\Tim\Desktop\Voidfall\Voidfall\OpenALSoft\CMakeFiles\CMakeTmp\CheckIncludeFile.c
  cmTC_b40b2.vcxproj -> C:\Users\Tim\Desktop\Voidfall\Voidfall\OpenALSoft\CMakeFiles\CMakeTmp\Debug\cmTC_b40b2.exe



Determining size of long passed with the following output:
Change Dir: C:/Users/Tim/Desktop/Voidfall/Voidfall/OpenALSoft/CMakeFiles/CMakeTmp

Run Build Command(s):C:/Program Files (x86)/Microsoft Visual Studio/2019/Community/MSBuild/Current/Bin/MSBuild.exe cmTC_2c8c0.vcxproj /p:Configuration=Debug /p:Platform=x64 /p:VisualStudioVersion=16.0 /v:m && Microsoft (R) Build Engine version 16.5.0+d4cbfca49 for .NET Framework
Copyright (C) Microsoft Corporation. All rights reserved.

  Microsoft (R) C/C++ Optimizing Compiler Version 19.25.28614 for x64
  SIZEOF_LONG.c
  Copyright (C) Microsoft Corporation.  All rights reserved.
  cl /c /Zi /W3 /WX- /diagnostics:column /Od /Ob0 /D WIN32 /D _WINDOWS /D "CMAKE_INTDIR=\"Debug\"" /D _MBCS /Gm- /RTC1 /MDd /GS /fp:precise /Zc:wchar_t /Zc:forScope /Zc:inline /Fo"cmTC_2c8c0.dir\Debug\\" /Fd"cmTC_2c8c0.dir\Debug\vc142.pdb" /Gd /TC /errorReport:queue C:\Users\Tim\Desktop\Voidfall\Voidfall\OpenALSoft\CMakeFiles\CheckTypeSize\SIZEOF_LONG.c
  cmTC_2c8c0.vcxproj -> C:\Users\Tim\Desktop\Voidfall\Voidfall\OpenALSoft\CMakeFiles\CMakeTmp\Debug\cmTC_2c8c0.exe



Performing C++ SOURCE FILE Test HAVE___RESTRICT succeeded with the following output:
Change Dir: C:/Users/Tim/Desktop/Voidfall/Voidfall/OpenALSoft/CMakeFiles/CMakeTmp

Run Build Command(s):C:/Program Files (x86)/Microsoft Visual Studio/2019/Community/MSBuild/Current/Bin/MSBuild.exe cmTC_e1c1a.vcxproj /p:Configuration=Debug /p:Platform=x64 /p:VisualStudioVersion=16.0 /v:m && Microsoft (R) Build Engine version 16.5.0+d4cbfca49 for .NET Framework
Copyright (C) Microsoft Corporation. All rights reserved.

  Microsoft (R) C/C++ Optimizing Compiler Version 19.25.28614 for x64
  src.cxx
  Copyright (C) Microsoft Corporation.  All rights reserved.
  cl /c /Zi /W3 /WX- /diagnostics:column /Od /Ob0 /D WIN32 /D _WINDOWS /D HAVE___RESTRICT /D "CMAKE_INTDIR=\"Debug\"" /D _MBCS /Gm- /EHsc /RTC1 /MDd /GS /fp:precise /Zc:wchar_t /Zc:forScope /Zc:inline /GR /Fo"cmTC_e1c1a.dir\Debug\\" /Fd"cmTC_e1c1a.dir\Debug\vc142.pdb" /Gd /TP /errorReport:queue C:\Users\Tim\Desktop\Voidfall\Voidfall\OpenALSoft\CMakeFiles\CMakeTmp\src.cxx
  cmTC_e1c1a.vcxproj -> C:\Users\Tim\Desktop\Voidfall\Voidfall\OpenALSoft\CMakeFiles\CMakeTmp\Debug\cmTC_e1c1a.exe


Source file was:
int *__restrict foo;
int main() { return 0; }
Performing C++ SOURCE FILE Test HAVE_PERMISSIVE_SWITCH succeeded with the following output:
Change Dir: C:/Users/Tim/Desktop/Voidfall/Voidfall/OpenALSoft/CMakeFiles/CMakeTmp

Run Build Command(s):C:/Program Files (x86)/Microsoft Visual Studio/2019/Community/MSBuild/Current/Bin/MSBuild.exe cmTC_6ef66.vcxproj /p:Configuration=Debug /p:Platform=x64 /p:VisualStudioVersion=16.0 /v:m && Microsoft (R) Build Engine version 16.5.0+d4cbfca49 for .NET Framework
Copyright (C) Microsoft Corporation. All rights reserved.

  Microsoft (R) C/C++ Optimizing Compiler Version 19.25.28614 for x64
  src.cxx
  Copyright (C) Microsoft Corporation.  All rights reserved.
  cl /c /Zi /W3 /WX- /diagnostics:column /Od /Ob0 /D WIN32 /D _WINDOWS /D HAVE_PERMISSIVE_SWITCH /D "CMAKE_INTDIR=\"Debug\"" /D _MBCS /Gm- /EHsc /RTC1 /MDd /GS /fp:precise /permissive- /Zc:wchar_t /Zc:forScope /Zc:inline /GR /Fo"cmTC_6ef66.dir\Debug\\" /Fd"cmTC_6ef66.dir\Debug\vc142.pdb" /Gd /TP /errorReport:queue C:\Users\Tim\Desktop\Voidfall\Voidfall\OpenALSoft\CMakeFiles\CMakeTmp\src.cxx
  cmTC_6ef66.vcxproj -> C:\Users\Tim\Desktop\Voidfall\Voidfall\OpenALSoft\CMakeFiles\CMakeTmp\Debug\cmTC_6ef66.exe


Source file was:
int main() { return 0; }
Determining if the include file xmmintrin.h exists passed with the following output:
Change Dir: C:/Users/Tim/Desktop/Voidfall/Voidfall/OpenALSoft/CMakeFiles/CMakeTmp

Run Build Command(s):C:/Program Files (x86)/Microsoft Visual Studio/2019/Community/MSBuild/Current/Bin/MSBuild.exe cmTC_a4e25.vcxproj /p:Configuration=Debug /p:Platform=x64 /p:VisualStudioVersion=16.0 /v:m && Microsoft (R) Build Engine version 16.5.0+d4cbfca49 for .NET Framework
Copyright (C) Microsoft Corporation. All rights reserved.

  Microsoft (R) C/C++ Optimizing Compiler Version 19.25.28614 for x64
  CheckIncludeFile.c
  Copyright (C) Microsoft Corporation.  All rights reserved.
  cl /c /Zi /W3 /WX- /diagnostics:column /Od /Ob0 /D WIN32 /D _WINDOWS /D "CMAKE_INTDIR=\"Debug\"" /D _MBCS /Gm- /RTC1 /MDd /GS /fp:precise /Zc:wchar_t /Zc:forScope /Zc:inline /Fo"cmTC_a4e25.dir\Debug\\" /Fd"cmTC_a4e25.dir\Debug\vc142.pdb" /Gd /TC /errorReport:queue C:\Users\Tim\Desktop\Voidfall\Voidfall\OpenALSoft\CMakeFiles\CMakeTmp\CheckIncludeFile.c
  cmTC_a4e25.vcxproj -> C:\Users\Tim\Desktop\Voidfall\Voidfall\OpenALSoft\CMakeFiles\CMakeTmp\Debug\cmTC_a4e25.exe



Determining if the include file emmintrin.h exists passed with the following output:
Change Dir: C:/Users/Tim/Desktop/Voidfall/Voidfall/OpenALSoft/CMakeFiles/CMakeTmp

Run Build Command(s):C:/Program Files (x86)/Microsoft Visual Studio/2019/Community/MSBuild/Current/Bin/MSBuild.exe cmTC_c40bc.vcxproj /p:Configuration=Debug /p:Platform=x64 /p:VisualStudioVersion=16.0 /v:m && Microsoft (R) Build Engine version 16.5.0+d4cbfca49 for .NET Framework
Copyright (C) Microsoft Corporation. All rights reserved.

  Microsoft (R) C/C++ Optimizing Compiler Version 19.25.28614 for x64
  CheckIncludeFile.c
  Copyright (C) Microsoft Corporation.  All rights reserved.
  cl /c /Zi /W3 /WX- /diagnostics:column /Od /Ob0 /D WIN32 /D _WINDOWS /D "CMAKE_INTDIR=\"Debug\"" /D _MBCS /Gm- /RTC1 /MDd /GS /fp:precise /Zc:wchar_t /Zc:forScope /Zc:inline /Fo"cmTC_c40bc.dir\Debug\\" /Fd"cmTC_c40bc.dir\Debug\vc142.pdb" /Gd /TC /errorReport:queue C:\Users\Tim\Desktop\Voidfall\Voidfall\OpenALSoft\CMakeFiles\CMakeTmp\CheckIncludeFile.c
  cmTC_c40bc.vcxproj -> C:\Users\Tim\Desktop\Voidfall\Voidfall\OpenALSoft\CMakeFiles\CMakeTmp\Debug\cmTC_c40bc.exe



Determining if the include file pmmintrin.h exists passed with the following output:
Change Dir: C:/Users/Tim/Desktop/Voidfall/Voidfall/OpenALSoft/CMakeFiles/CMakeTmp

Run Build Command(s):C:/Program Files (x86)/Microsoft Visual Studio/2019/Community/MSBuild/Current/Bin/MSBuild.exe cmTC_c971e.vcxproj /p:Configuration=Debug /p:Platform=x64 /p:VisualStudioVersion=16.0 /v:m && Microsoft (R) Build Engine version 16.5.0+d4cbfca49 for .NET Framework
Copyright (C) Microsoft Corporation. All rights reserved.

  Microsoft (R) C/C++ Optimizing Compiler Version 19.25.28614 for x64
  CheckIncludeFile.c
  Copyright (C) Microsoft Corporation.  All rights reserved.
  cl /c /Zi /W3 /WX- /diagnostics:column /Od /Ob0 /D WIN32 /D _WINDOWS /D "CMAKE_INTDIR=\"Debug\"" /D _MBCS /Gm- /RTC1 /MDd /GS /fp:precise /Zc:wchar_t /Zc:forScope /Zc:inline /Fo"cmTC_c971e.dir\Debug\\" /Fd"cmTC_c971e.dir\Debug\vc142.pdb" /Gd /TC /errorReport:queue C:\Users\Tim\Desktop\Voidfall\Voidfall\OpenALSoft\CMakeFiles\CMakeTmp\CheckIncludeFile.c
  cmTC_c971e.vcxproj -> C:\Users\Tim\Desktop\Voidfall\Voidfall\OpenALSoft\CMakeFiles\CMakeTmp\Debug\cmTC_c971e.exe



Determining if the include file smmintrin.h exists passed with the following output:
Change Dir: C:/Users/Tim/Desktop/Voidfall/Voidfall/OpenALSoft/CMakeFiles/CMakeTmp

Run Build Command(s):C:/Program Files (x86)/Microsoft Visual Studio/2019/Community/MSBuild/Current/Bin/MSBuild.exe cmTC_5d8f9.vcxproj /p:Configuration=Debug /p:Platform=x64 /p:VisualStudioVersion=16.0 /v:m && Microsoft (R) Build Engine version 16.5.0+d4cbfca49 for .NET Framework
Copyright (C) Microsoft Corporation. All rights reserved.

  Microsoft (R) C/C++ Optimizing Compiler Version 19.25.28614 for x64
  CheckIncludeFile.c
  Copyright (C) Microsoft Corporation.  All rights reserved.
  cl /c /Zi /W3 /WX- /diagnostics:column /Od /Ob0 /D WIN32 /D _WINDOWS /D "CMAKE_INTDIR=\"Debug\"" /D _MBCS /Gm- /RTC1 /MDd /GS /fp:precise /Zc:wchar_t /Zc:forScope /Zc:inline /Fo"cmTC_5d8f9.dir\Debug\\" /Fd"cmTC_5d8f9.dir\Debug\vc142.pdb" /Gd /TC /errorReport:queue C:\Users\Tim\Desktop\Voidfall\Voidfall\OpenALSoft\CMakeFiles\CMakeTmp\CheckIncludeFile.c
  cmTC_5d8f9.vcxproj -> C:\Users\Tim\Desktop\Voidfall\Voidfall\OpenALSoft\CMakeFiles\CMakeTmp\Debug\cmTC_5d8f9.exe



Performing C SOURCE FILE Test HAVE_SSE_INTRINSICS succeeded with the following output:
Change Dir: C:/Users/Tim/Desktop/Voidfall/Voidfall/OpenALSoft/CMakeFiles/CMakeTmp

Run Build Command(s):C:/Program Files (x86)/Microsoft Visual Studio/2019/Community/MSBuild/Current/Bin/MSBuild.exe cmTC_89132.vcxproj /p:Configuration=Debug /p:Platform=x64 /p:VisualStudioVersion=16.0 /v:m && Microsoft (R) Build Engine version 16.5.0+d4cbfca49 for .NET Framework
Copyright (C) Microsoft Corporation. All rights reserved.

  Microsoft (R) C/C++ Optimizing Compiler Version 19.25.28614 for x64
  src.c
  Copyright (C) Microsoft Corporation.  All rights reserved.
  cl /c /Zi /W3 /WX- /diagnostics:column /Od /Ob0 /D WIN32 /D _WINDOWS /D HAVE_SSE_INTRINSICS /D "CMAKE_INTDIR=\"Debug\"" /D _MBCS /Gm- /RTC1 /MDd /GS /fp:precise /Zc:wchar_t /Zc:forScope /Zc:inline /Fo"cmTC_89132.dir\Debug\\" /Fd"cmTC_89132.dir\Debug\vc142.pdb" /Gd /TC /errorReport:queue C:\Users\Tim\Desktop\Voidfall\Voidfall\OpenALSoft\CMakeFiles\CMakeTmp\src.c
  cmTC_89132.vcxproj -> C:\Users\Tim\Desktop\Voidfall\Voidfall\OpenALSoft\CMakeFiles\CMakeTmp\Debug\cmTC_89132.exe


Source file was:
#include <emmintrin.h>
                             int main() {_mm_pause(); return 0;}
Determining if the include file malloc.h exists passed with the following output:
Change Dir: C:/Users/Tim/Desktop/Voidfall/Voidfall/OpenALSoft/CMakeFiles/CMakeTmp

Run Build Command(s):C:/Program Files (x86)/Microsoft Visual Studio/2019/Community/MSBuild/Current/Bin/MSBuild.exe cmTC_40cc9.vcxproj /p:Configuration=Debug /p:Platform=x64 /p:VisualStudioVersion=16.0 /v:m && Microsoft (R) Build Engine version 16.5.0+d4cbfca49 for .NET Framework
Copyright (C) Microsoft Corporation. All rights reserved.

  Microsoft (R) C/C++ Optimizing Compiler Version 19.25.28614 for x64
  CheckIncludeFile.c
  Copyright (C) Microsoft Corporation.  All rights reserved.
  cl /c /Zi /W3 /WX- /diagnostics:column /Od /Ob0 /D WIN32 /D _WINDOWS /D "CMAKE_INTDIR=\"Debug\"" /D _MBCS /Gm- /RTC1 /MDd /GS /fp:precise /Zc:wchar_t /Zc:forScope /Zc:inline /Fo"cmTC_40cc9.dir\Debug\\" /Fd"cmTC_40cc9.dir\Debug\vc142.pdb" /Gd /TC /errorReport:queue C:\Users\Tim\Desktop\Voidfall\Voidfall\OpenALSoft\CMakeFiles\CMakeTmp\CheckIncludeFile.c
  cmTC_40cc9.vcxproj -> C:\Users\Tim\Desktop\Voidfall\Voidfall\OpenALSoft\CMakeFiles\CMakeTmp\Debug\cmTC_40cc9.exe



Determining if the include file intrin.h exists passed with the following output:
Change Dir: C:/Users/Tim/Desktop/Voidfall/Voidfall/OpenALSoft/CMakeFiles/CMakeTmp

Run Build Command(s):C:/Program Files (x86)/Microsoft Visual Studio/2019/Community/MSBuild/Current/Bin/MSBuild.exe cmTC_d62ed.vcxproj /p:Configuration=Debug /p:Platform=x64 /p:VisualStudioVersion=16.0 /v:m && Microsoft (R) Build Engine version 16.5.0+d4cbfca49 for .NET Framework
Copyright (C) Microsoft Corporation. All rights reserved.

  Microsoft (R) C/C++ Optimizing Compiler Version 19.25.28614 for x64
  CheckIncludeFile.c
  Copyright (C) Microsoft Corporation.  All rights reserved.
  cl /c /Zi /W3 /WX- /diagnostics:column /Od /Ob0 /D WIN32 /D _WINDOWS /D "CMAKE_INTDIR=\"Debug\"" /D _MBCS /Gm- /RTC1 /MDd /GS /fp:precise /Zc:wchar_t /Zc:forScope /Zc:inline /Fo"cmTC_d62ed.dir\Debug\\" /Fd"cmTC_d62ed.dir\Debug\vc142.pdb" /Gd /TC /errorReport:queue C:\Users\Tim\Desktop\Voidfall\Voidfall\OpenALSoft\CMakeFiles\CMakeTmp\CheckIncludeFile.c
  cmTC_d62ed.vcxproj -> C:\Users\Tim\Desktop\Voidfall\Voidfall\OpenALSoft\CMakeFiles\CMakeTmp\Debug\cmTC_d62ed.exe



Determining if the include file guiddef.h exists passed with the following output:
Change Dir: C:/Users/Tim/Desktop/Voidfall/Voidfall/OpenALSoft/CMakeFiles/CMakeTmp

Run Build Command(s):C:/Program Files (x86)/Microsoft Visual Studio/2019/Community/MSBuild/Current/Bin/MSBuild.exe cmTC_da79d.vcxproj /p:Configuration=Debug /p:Platform=x64 /p:VisualStudioVersion=16.0 /v:m && Microsoft (R) Build Engine version 16.5.0+d4cbfca49 for .NET Framework
Copyright (C) Microsoft Corporation. All rights reserved.

  Microsoft (R) C/C++ Optimizing Compiler Version 19.25.28614 for x64
  CheckIncludeFile.c
  Copyright (C) Microsoft Corporation.  All rights reserved.
  cl /c /Zi /W3 /WX- /diagnostics:column /Od /Ob0 /D WIN32 /D _WINDOWS /D "CMAKE_INTDIR=\"Debug\"" /D _MBCS /Gm- /RTC1 /MDd /GS /fp:precise /Zc:wchar_t /Zc:forScope /Zc:inline /Fo"cmTC_da79d.dir\Debug\\" /Fd"cmTC_da79d.dir\Debug\vc142.pdb" /Gd /TC /errorReport:queue C:\Users\Tim\Desktop\Voidfall\Voidfall\OpenALSoft\CMakeFiles\CMakeTmp\CheckIncludeFile.c
  cmTC_da79d.vcxproj -> C:\Users\Tim\Desktop\Voidfall\Voidfall\OpenALSoft\CMakeFiles\CMakeTmp\Debug\cmTC_da79d.exe



Performing C SOURCE FILE Test HAVE_CPUID_INTRINSIC succeeded with the following output:
Change Dir: C:/Users/Tim/Desktop/Voidfall/Voidfall/OpenALSoft/CMakeFiles/CMakeTmp

Run Build Command(s):C:/Program Files (x86)/Microsoft Visual Studio/2019/Community/MSBuild/Current/Bin/MSBuild.exe cmTC_48987.vcxproj /p:Configuration=Debug /p:Platform=x64 /p:VisualStudioVersion=16.0 /v:m && Microsoft (R) Build Engine version 16.5.0+d4cbfca49 for .NET Framework
Copyright (C) Microsoft Corporation. All rights reserved.

  Microsoft (R) C/C++ Optimizing Compiler Version 19.25.28614 for x64
  src.c
  Copyright (C) Microsoft Corporation.  All rights reserved.
  cl /c /Zi /W3 /WX- /diagnostics:column /Od /Ob0 /D WIN32 /D _WINDOWS /D HAVE_CPUID_INTRINSIC /D "CMAKE_INTDIR=\"Debug\"" /D _MBCS /Gm- /RTC1 /MDd /GS /fp:precise /Zc:wchar_t /Zc:forScope /Zc:inline /Fo"cmTC_48987.dir\Debug\\" /Fd"cmTC_48987.dir\Debug\vc142.pdb" /Gd /TC /errorReport:queue C:\Users\Tim\Desktop\Voidfall\Voidfall\OpenALSoft\CMakeFiles\CMakeTmp\src.c
  cmTC_48987.vcxproj -> C:\Users\Tim\Desktop\Voidfall\Voidfall\OpenALSoft\CMakeFiles\CMakeTmp\Debug\cmTC_48987.exe


Source file was:
#include <intrin.h>
        int main()
        {
            int regs[4];
            __cpuid(regs, 0);
            return regs[0];
        }
Performing C SOURCE FILE Test HAVE_BITSCANFORWARD64_INTRINSIC succeeded with the following output:
Change Dir: C:/Users/Tim/Desktop/Voidfall/Voidfall/OpenALSoft/CMakeFiles/CMakeTmp

Run Build Command(s):C:/Program Files (x86)/Microsoft Visual Studio/2019/Community/MSBuild/Current/Bin/MSBuild.exe cmTC_37da5.vcxproj /p:Configuration=Debug /p:Platform=x64 /p:VisualStudioVersion=16.0 /v:m && Microsoft (R) Build Engine version 16.5.0+d4cbfca49 for .NET Framework
Copyright (C) Microsoft Corporation. All rights reserved.

  Microsoft (R) C/C++ Optimizing Compiler Version 19.25.28614 for x64
  src.c
  Copyright (C) Microsoft Corporation.  All rights reserved.
  cl /c /Zi /W3 /WX- /diagnostics:column /Od /Ob0 /D WIN32 /D _WINDOWS /D HAVE_BITSCANFORWARD64_INTRINSIC /D "CMAKE_INTDIR=\"Debug\"" /D _MBCS /Gm- /RTC1 /MDd /GS /fp:precise /Zc:wchar_t /Zc:forScope /Zc:inline /Fo"cmTC_37da5.dir\Debug\\" /Fd"cmTC_37da5.dir\Debug\vc142.pdb" /Gd /TC /errorReport:queue C:\Users\Tim\Desktop\Voidfall\Voidfall\OpenALSoft\CMakeFiles\CMakeTmp\src.c
  cmTC_37da5.vcxproj -> C:\Users\Tim\Desktop\Voidfall\Voidfall\OpenALSoft\CMakeFiles\CMakeTmp\Debug\cmTC_37da5.exe


Source file was:
#include <intrin.h>
        int main()
        {
            unsigned long idx = 0;
            _BitScanForward64(&idx, 1);
            return idx;
        }
Performing C SOURCE FILE Test HAVE_BITSCANFORWARD_INTRINSIC succeeded with the following output:
Change Dir: C:/Users/Tim/Desktop/Voidfall/Voidfall/OpenALSoft/CMakeFiles/CMakeTmp

Run Build Command(s):C:/Program Files (x86)/Microsoft Visual Studio/2019/Community/MSBuild/Current/Bin/MSBuild.exe cmTC_94791.vcxproj /p:Configuration=Debug /p:Platform=x64 /p:VisualStudioVersion=16.0 /v:m && Microsoft (R) Build Engine version 16.5.0+d4cbfca49 for .NET Framework
Copyright (C) Microsoft Corporation. All rights reserved.

  Microsoft (R) C/C++ Optimizing Compiler Version 19.25.28614 for x64
  src.c
  Copyright (C) Microsoft Corporation.  All rights reserved.
  cl /c /Zi /W3 /WX- /diagnostics:column /Od /Ob0 /D WIN32 /D _WINDOWS /D HAVE_BITSCANFORWARD_INTRINSIC /D "CMAKE_INTDIR=\"Debug\"" /D _MBCS /Gm- /RTC1 /MDd /GS /fp:precise /Zc:wchar_t /Zc:forScope /Zc:inline /Fo"cmTC_94791.dir\Debug\\" /Fd"cmTC_94791.dir\Debug\vc142.pdb" /Gd /TC /errorReport:queue C:\Users\Tim\Desktop\Voidfall\Voidfall\OpenALSoft\CMakeFiles\CMakeTmp\src.c
  cmTC_94791.vcxproj -> C:\Users\Tim\Desktop\Voidfall\Voidfall\OpenALSoft\CMakeFiles\CMakeTmp\Debug\cmTC_94791.exe


Source file was:
#include <intrin.h>
        int main()
        {
            unsigned long idx = 0;
            _BitScanForward(&idx, 1);
            return idx;
        }
Determining if the _aligned_malloc exist passed with the following output:
Change Dir: C:/Users/Tim/Desktop/Voidfall/Voidfall/OpenALSoft/CMakeFiles/CMakeTmp

Run Build Command(s):C:/Program Files (x86)/Microsoft Visual Studio/2019/Community/MSBuild/Current/Bin/MSBuild.exe cmTC_00db2.vcxproj /p:Configuration=Debug /p:Platform=x64 /p:VisualStudioVersion=16.0 /v:m && Microsoft (R) Build Engine version 16.5.0+d4cbfca49 for .NET Framework
Copyright (C) Microsoft Corporation. All rights reserved.

  Microsoft (R) C/C++ Optimizing Compiler Version 19.25.28614 for x64
  CheckSymbolExists.c
  Copyright (C) Microsoft Corporation.  All rights reserved.
  cl /c /Zi /W3 /WX- /diagnostics:column /Od /Ob0 /D WIN32 /D _WINDOWS /D "CMAKE_INTDIR=\"Debug\"" /D _MBCS /Gm- /RTC1 /MDd /GS /fp:precise /Zc:wchar_t /Zc:forScope /Zc:inline /Fo"cmTC_00db2.dir\Debug\\" /Fd"cmTC_00db2.dir\Debug\vc142.pdb" /Gd /TC /errorReport:queue C:\Users\Tim\Desktop\Voidfall\Voidfall\OpenALSoft\CMakeFiles\CMakeTmp\CheckSymbolExists.c
  cmTC_00db2.vcxproj -> C:\Users\Tim\Desktop\Voidfall\Voidfall\OpenALSoft\CMakeFiles\CMakeTmp\Debug\cmTC_00db2.exe


File C:/Users/Tim/Desktop/Voidfall/Voidfall/OpenALSoft/CMakeFiles/CMakeTmp/CheckSymbolExists.c:
/* */
#include <malloc.h>

int main(int argc, char** argv)
{
  (void)argv;
#ifndef _aligned_malloc
  return ((int*)(&_aligned_malloc))[argc];
#else
  (void)argc;
  return 0;
#endif
}
Determining if files windows.h;mmsystem.h exist passed with the following output:
Change Dir: C:/Users/Tim/Desktop/Voidfall/Voidfall/OpenALSoft/CMakeFiles/CMakeTmp

Run Build Command(s):C:/Program Files (x86)/Microsoft Visual Studio/2019/Community/MSBuild/Current/Bin/MSBuild.exe cmTC_04f49.vcxproj /p:Configuration=Debug /p:Platform=x64 /p:VisualStudioVersion=16.0 /v:m && Microsoft (R) Build Engine version 16.5.0+d4cbfca49 for .NET Framework
Copyright (C) Microsoft Corporation. All rights reserved.

  Microsoft (R) C/C++ Optimizing Compiler Version 19.25.28614 for x64
  HAVE_MMSYSTEM_H.c
  Copyright (C) Microsoft Corporation.  All rights reserved.
  cl /c /Zi /W3 /WX- /diagnostics:column /Od /Ob0 /D WIN32 /D _WINDOWS /D _WIN32_WINNT=0x0502 /D "CMAKE_INTDIR=\"Debug\"" /D _MBCS /Gm- /RTC1 /MDd /GS /fp:precise /Zc:wchar_t /Zc:forScope /Zc:inline /Fo"cmTC_04f49.dir\Debug\\" /Fd"cmTC_04f49.dir\Debug\vc142.pdb" /Gd /TC /errorReport:queue C:\Users\Tim\Desktop\Voidfall\Voidfall\OpenALSoft\CMakeFiles\CheckIncludeFiles\HAVE_MMSYSTEM_H.c
  cmTC_04f49.vcxproj -> C:\Users\Tim\Desktop\Voidfall\Voidfall\OpenALSoft\CMakeFiles\CMakeTmp\Debug\cmTC_04f49.exe



Determining if the include file mmdeviceapi.h exists passed with the following output:
Change Dir: C:/Users/Tim/Desktop/Voidfall/Voidfall/OpenALSoft/CMakeFiles/CMakeTmp

Run Build Command(s):C:/Program Files (x86)/Microsoft Visual Studio/2019/Community/MSBuild/Current/Bin/MSBuild.exe cmTC_de097.vcxproj /p:Configuration=Debug /p:Platform=x64 /p:VisualStudioVersion=16.0 /v:m && Microsoft (R) Build Engine version 16.5.0+d4cbfca49 for .NET Framework
Copyright (C) Microsoft Corporation. All rights reserved.

  Microsoft (R) C/C++ Optimizing Compiler Version 19.25.28614 for x64
  CheckIncludeFile.c
  Copyright (C) Microsoft Corporation.  All rights reserved.
  cl /c /Zi /W3 /WX- /diagnostics:column /Od /Ob0 /D WIN32 /D _WINDOWS /D _WIN32_WINNT=0x0502 /D "CMAKE_INTDIR=\"Debug\"" /D _MBCS /Gm- /RTC1 /MDd /GS /fp:precise /Zc:wchar_t /Zc:forScope /Zc:inline /Fo"cmTC_de097.dir\Debug\\" /Fd"cmTC_de097.dir\Debug\vc142.pdb" /Gd /TC /errorReport:queue C:\Users\Tim\Desktop\Voidfall\Voidfall\OpenALSoft\CMakeFiles\CMakeTmp\CheckIncludeFile.c
  cmTC_de097.vcxproj -> C:\Users\Tim\Desktop\Voidfall\Voidfall\OpenALSoft\CMakeFiles\CMakeTmp\Debug\cmTC_de097.exe



