Performing C++ SOURCE FILE Test HAVE_LIBATOMIC failed with the following output:
Change Dir: C:/Users/Tim/Desktop/Voidfall/Voidfall/OpenALSoft/CMakeFiles/CMakeTmp

Run Build Command(s):C:/Program Files (x86)/Microsoft Visual Studio/2019/Community/MSBuild/Current/Bin/MSBuild.exe cmTC_d5009.vcxproj /p:Configuration=Debug /p:Platform=x64 /p:VisualStudioVersion=16.0 /v:m && Microsoft (R) Build Engine version 16.5.0+d4cbfca49 for .NET Framework
Copyright (C) Microsoft Corporation. All rights reserved.

  Microsoft (R) C/C++ Optimizing Compiler Version 19.25.28614 for x64
  src.cxx
  Copyright (C) Microsoft Corporation.  All rights reserved.
  cl /c /Zi /W3 /WX- /diagnostics:column /Od /Ob0 /D WIN32 /D _WINDOWS /D HAVE_LIBATOMIC /D "CMAKE_INTDIR=\"Debug\"" /D _MBCS /Gm- /EHsc /RTC1 /MDd /GS /fp:precise /Zc:wchar_t /Zc:forScope /Zc:inline /GR /Fo"cmTC_d5009.dir\Debug\\" /Fd"cmTC_d5009.dir\Debug\vc142.pdb" /Gd /TP /errorReport:queue C:\Users\Tim\Desktop\Voidfall\Voidfall\OpenALSoft\CMakeFiles\CMakeTmp\src.cxx
LINK : fatal error LNK1104: cannot open file 'atomic.lib' [C:\Users\Tim\Desktop\Voidfall\Voidfall\OpenALSoft\CMakeFiles\CMakeTmp\cmTC_d5009.vcxproj]


Source file was:
#include <atomic>
std::atomic<int> foo{0};
int main() { return foo.fetch_add(2); }
Determining if the function __android_log_print exists in the log failed with the following output:
Change Dir: C:/Users/Tim/Desktop/Voidfall/Voidfall/OpenALSoft/CMakeFiles/CMakeTmp

Run Build Command(s):C:/Program Files (x86)/Microsoft Visual Studio/2019/Community/MSBuild/Current/Bin/MSBuild.exe cmTC_d243c.vcxproj /p:Configuration=Debug /p:Platform=x64 /p:VisualStudioVersion=16.0 /v:m && Microsoft (R) Build Engine version 16.5.0+d4cbfca49 for .NET Framework
Copyright (C) Microsoft Corporation. All rights reserved.

  Microsoft (R) C/C++ Optimizing Compiler Version 19.25.28614 for x64
  CheckFunctionExists.c
  Copyright (C) Microsoft Corporation.  All rights reserved.
  cl /c /Zi /W3 /WX- /diagnostics:column /Od /Ob0 /D WIN32 /D _WINDOWS /D CHECK_FUNCTION_EXISTS=__android_log_print /D "CMAKE_INTDIR=\"Debug\"" /D _MBCS /Gm- /RTC1 /MDd /GS /fp:precise /Zc:wchar_t /Zc:forScope /Zc:inline /Fo"cmTC_d243c.dir\Debug\\" /Fd"cmTC_d243c.dir\Debug\vc142.pdb" /Gd /TC /errorReport:queue "C:\Program Files\CMake\share\cmake-3.17\Modules\CheckFunctionExists.c"
LINK : fatal error LNK1104: cannot open file 'log.lib' [C:\Users\Tim\Desktop\Voidfall\Voidfall\OpenALSoft\CMakeFiles\CMakeTmp\cmTC_d243c.vcxproj]



Performing C SOURCE FILE Test HAVE_MSSE2_SWITCH failed with the following output:
Change Dir: C:/Users/Tim/Desktop/Voidfall/Voidfall/OpenALSoft/CMakeFiles/CMakeTmp

Run Build Command(s):C:/Program Files (x86)/Microsoft Visual Studio/2019/Community/MSBuild/Current/Bin/MSBuild.exe cmTC_ec6f5.vcxproj /p:Configuration=Debug /p:Platform=x64 /p:VisualStudioVersion=16.0 /v:m && Microsoft (R) Build Engine version 16.5.0+d4cbfca49 for .NET Framework
Copyright (C) Microsoft Corporation. All rights reserved.

  Microsoft (R) C/C++ Optimizing Compiler Version 19.25.28614 for x64
  src.c
  Copyright (C) Microsoft Corporation.  All rights reserved.
  cl /c /Zi /W3 /WX- /diagnostics:column /Od /Ob0 /D WIN32 /D _WINDOWS /D HAVE_MSSE2_SWITCH /D "CMAKE_INTDIR=\"Debug\"" /D _MBCS /Gm- /RTC1 /MDd /GS /fp:precise /Zc:wchar_t /Zc:forScope /Zc:inline /Fo"cmTC_ec6f5.dir\Debug\\" /Fd"cmTC_ec6f5.dir\Debug\vc142.pdb" /Gd /TC /errorReport:queue  -msse2 C:\Users\Tim\Desktop\Voidfall\Voidfall\OpenALSoft\CMakeFiles\CMakeTmp\src.c
cl : command line warning D9002: ignoring unknown option '-msse2' [C:\Users\Tim\Desktop\Voidfall\Voidfall\OpenALSoft\CMakeFiles\CMakeTmp\cmTC_ec6f5.vcxproj]
  cmTC_ec6f5.vcxproj -> C:\Users\Tim\Desktop\Voidfall\Voidfall\OpenALSoft\CMakeFiles\CMakeTmp\Debug\cmTC_ec6f5.exe


Source file was:
int main(void) { return 0; }
Performing C SOURCE FILE Test HAVE_MFPU_NEON_SWITCH failed with the following output:
Change Dir: C:/Users/Tim/Desktop/Voidfall/Voidfall/OpenALSoft/CMakeFiles/CMakeTmp

Run Build Command(s):C:/Program Files (x86)/Microsoft Visual Studio/2019/Community/MSBuild/Current/Bin/MSBuild.exe cmTC_19f27.vcxproj /p:Configuration=Debug /p:Platform=x64 /p:VisualStudioVersion=16.0 /v:m && Microsoft (R) Build Engine version 16.5.0+d4cbfca49 for .NET Framework
Copyright (C) Microsoft Corporation. All rights reserved.

  Microsoft (R) C/C++ Optimizing Compiler Version 19.25.28614 for x64
  src.c
  Copyright (C) Microsoft Corporation.  All rights reserved.
  cl /c /Zi /W3 /WX- /diagnostics:column /Od /Ob0 /D WIN32 /D _WINDOWS /D HAVE_MFPU_NEON_SWITCH /D "CMAKE_INTDIR=\"Debug\"" /D _MBCS /Gm- /RTC1 /MDd /GS /fp:precise /Zc:wchar_t /Zc:forScope /Zc:inline /Fo"cmTC_19f27.dir\Debug\\" /Fd"cmTC_19f27.dir\Debug\vc142.pdb" /Gd /TC /errorReport:queue  -mfpu=neon C:\Users\Tim\Desktop\Voidfall\Voidfall\OpenALSoft\CMakeFiles\CMakeTmp\src.c
cl : command line warning D9002: ignoring unknown option '-mfpu=neon' [C:\Users\Tim\Desktop\Voidfall\Voidfall\OpenALSoft\CMakeFiles\CMakeTmp\cmTC_19f27.vcxproj]
  cmTC_19f27.vcxproj -> C:\Users\Tim\Desktop\Voidfall\Voidfall\OpenALSoft\CMakeFiles\CMakeTmp\Debug\cmTC_19f27.exe


Source file was:
int main(void) { return 0; }
Determining if the include file arm_neon.h exists failed with the following output:
Change Dir: C:/Users/Tim/Desktop/Voidfall/Voidfall/OpenALSoft/CMakeFiles/CMakeTmp

Run Build Command(s):C:/Program Files (x86)/Microsoft Visual Studio/2019/Community/MSBuild/Current/Bin/MSBuild.exe cmTC_be0e1.vcxproj /p:Configuration=Debug /p:Platform=x64 /p:VisualStudioVersion=16.0 /v:m && Microsoft (R) Build Engine version 16.5.0+d4cbfca49 for .NET Framework
Copyright (C) Microsoft Corporation. All rights reserved.

  Microsoft (R) C/C++ Optimizing Compiler Version 19.25.28614 for x64
  CheckIncludeFile.c
  Copyright (C) Microsoft Corporation.  All rights reserved.
  cl /c /Zi /W3 /WX- /diagnostics:column /Od /Ob0 /D WIN32 /D _WINDOWS /D "CMAKE_INTDIR=\"Debug\"" /D _MBCS /Gm- /RTC1 /MDd /GS /fp:precise /Zc:wchar_t /Zc:forScope /Zc:inline /Fo"cmTC_be0e1.dir\Debug\\" /Fd"cmTC_be0e1.dir\Debug\vc142.pdb" /Gd /TC /errorReport:queue C:\Users\Tim\Desktop\Voidfall\Voidfall\OpenALSoft\CMakeFiles\CMakeTmp\CheckIncludeFile.c
C:\Program Files (x86)\Microsoft Visual Studio\2019\Community\VC\Tools\MSVC\14.25.28610\include\arm_neon.h(21,1): fatal error C1189: #error:  This header is specific to ARM targets [C:\Users\Tim\Desktop\Voidfall\Voidfall\OpenALSoft\CMakeFiles\CMakeTmp\cmTC_be0e1.vcxproj]



Determining if the include file cpuid.h exists failed with the following output:
Change Dir: C:/Users/Tim/Desktop/Voidfall/Voidfall/OpenALSoft/CMakeFiles/CMakeTmp

Run Build Command(s):C:/Program Files (x86)/Microsoft Visual Studio/2019/Community/MSBuild/Current/Bin/MSBuild.exe cmTC_a50db.vcxproj /p:Configuration=Debug /p:Platform=x64 /p:VisualStudioVersion=16.0 /v:m && Microsoft (R) Build Engine version 16.5.0+d4cbfca49 for .NET Framework
Copyright (C) Microsoft Corporation. All rights reserved.

  Microsoft (R) C/C++ Optimizing Compiler Version 19.25.28614 for x64
  CheckIncludeFile.c
  Copyright (C) Microsoft Corporation.  All rights reserved.
  cl /c /Zi /W3 /WX- /diagnostics:column /Od /Ob0 /D WIN32 /D _WINDOWS /D "CMAKE_INTDIR=\"Debug\"" /D _MBCS /Gm- /RTC1 /MDd /GS /fp:precise /Zc:wchar_t /Zc:forScope /Zc:inline /Fo"cmTC_a50db.dir\Debug\\" /Fd"cmTC_a50db.dir\Debug\vc142.pdb" /Gd /TC /errorReport:queue C:\Users\Tim\Desktop\Voidfall\Voidfall\OpenALSoft\CMakeFiles\CMakeTmp\CheckIncludeFile.c
C:\Users\Tim\Desktop\Voidfall\Voidfall\OpenALSoft\CMakeFiles\CMakeTmp\CheckIncludeFile.c(1,10): fatal error C1083: Cannot open include file: 'cpuid.h': No such file or directory [C:\Users\Tim\Desktop\Voidfall\Voidfall\OpenALSoft\CMakeFiles\CMakeTmp\cmTC_a50db.vcxproj]



Determining if the function pow exists in the m failed with the following output:
Change Dir: C:/Users/Tim/Desktop/Voidfall/Voidfall/OpenALSoft/CMakeFiles/CMakeTmp

Run Build Command(s):C:/Program Files (x86)/Microsoft Visual Studio/2019/Community/MSBuild/Current/Bin/MSBuild.exe cmTC_befa9.vcxproj /p:Configuration=Debug /p:Platform=x64 /p:VisualStudioVersion=16.0 /v:m && Microsoft (R) Build Engine version 16.5.0+d4cbfca49 for .NET Framework
Copyright (C) Microsoft Corporation. All rights reserved.

  Microsoft (R) C/C++ Optimizing Compiler Version 19.25.28614 for x64
  CheckFunctionExists.c
  Copyright (C) Microsoft Corporation.  All rights reserved.
  cl /c /Zi /W3 /WX- /diagnostics:column /Od /Ob0 /D WIN32 /D _WINDOWS /D CHECK_FUNCTION_EXISTS=pow /D "CMAKE_INTDIR=\"Debug\"" /D _MBCS /Gm- /RTC1 /MDd /GS /fp:precise /Zc:wchar_t /Zc:forScope /Zc:inline /Fo"cmTC_befa9.dir\Debug\\" /Fd"cmTC_befa9.dir\Debug\vc142.pdb" /Gd /TC /errorReport:queue "C:\Program Files\CMake\share\cmake-3.17\Modules\CheckFunctionExists.c"
LINK : fatal error LNK1104: cannot open file 'm.lib' [C:\Users\Tim\Desktop\Voidfall\Voidfall\OpenALSoft\CMakeFiles\CMakeTmp\cmTC_befa9.vcxproj]



Determining if the function clock_gettime exists in the rt failed with the following output:
Change Dir: C:/Users/Tim/Desktop/Voidfall/Voidfall/OpenALSoft/CMakeFiles/CMakeTmp

Run Build Command(s):C:/Program Files (x86)/Microsoft Visual Studio/2019/Community/MSBuild/Current/Bin/MSBuild.exe cmTC_543f9.vcxproj /p:Configuration=Debug /p:Platform=x64 /p:VisualStudioVersion=16.0 /v:m && Microsoft (R) Build Engine version 16.5.0+d4cbfca49 for .NET Framework
Copyright (C) Microsoft Corporation. All rights reserved.

  Microsoft (R) C/C++ Optimizing Compiler Version 19.25.28614 for x64
  CheckFunctionExists.c
  Copyright (C) Microsoft Corporation.  All rights reserved.
  cl /c /Zi /W3 /WX- /diagnostics:column /Od /Ob0 /D WIN32 /D _WINDOWS /D CHECK_FUNCTION_EXISTS=clock_gettime /D "CMAKE_INTDIR=\"Debug\"" /D _MBCS /Gm- /RTC1 /MDd /GS /fp:precise /Zc:wchar_t /Zc:forScope /Zc:inline /Fo"cmTC_543f9.dir\Debug\\" /Fd"cmTC_543f9.dir\Debug\vc142.pdb" /Gd /TC /errorReport:queue "C:\Program Files\CMake\share\cmake-3.17\Modules\CheckFunctionExists.c"
LINK : fatal error LNK1104: cannot open file 'rt.lib' [C:\Users\Tim\Desktop\Voidfall\Voidfall\OpenALSoft\CMakeFiles\CMakeTmp\cmTC_543f9.vcxproj]



Determining if the include file dlfcn.h exists failed with the following output:
Change Dir: C:/Users/Tim/Desktop/Voidfall/Voidfall/OpenALSoft/CMakeFiles/CMakeTmp

Run Build Command(s):C:/Program Files (x86)/Microsoft Visual Studio/2019/Community/MSBuild/Current/Bin/MSBuild.exe cmTC_89b69.vcxproj /p:Configuration=Debug /p:Platform=x64 /p:VisualStudioVersion=16.0 /v:m && Microsoft (R) Build Engine version 16.5.0+d4cbfca49 for .NET Framework
Copyright (C) Microsoft Corporation. All rights reserved.

  Microsoft (R) C/C++ Optimizing Compiler Version 19.25.28614 for x64
  CheckIncludeFile.c
  Copyright (C) Microsoft Corporation.  All rights reserved.
  cl /c /Zi /W3 /WX- /diagnostics:column /Od /Ob0 /D WIN32 /D _WINDOWS /D "CMAKE_INTDIR=\"Debug\"" /D _MBCS /Gm- /RTC1 /MDd /GS /fp:precise /Zc:wchar_t /Zc:forScope /Zc:inline /Fo"cmTC_89b69.dir\Debug\\" /Fd"cmTC_89b69.dir\Debug\vc142.pdb" /Gd /TC /errorReport:queue C:\Users\Tim\Desktop\Voidfall\Voidfall\OpenALSoft\CMakeFiles\CMakeTmp\CheckIncludeFile.c
C:\Users\Tim\Desktop\Voidfall\Voidfall\OpenALSoft\CMakeFiles\CMakeTmp\CheckIncludeFile.c(1,10): fatal error C1083: Cannot open include file: 'dlfcn.h': No such file or directory [C:\Users\Tim\Desktop\Voidfall\Voidfall\OpenALSoft\CMakeFiles\CMakeTmp\cmTC_89b69.vcxproj]



Determining if the function dlopen exists in the dl failed with the following output:
Change Dir: C:/Users/Tim/Desktop/Voidfall/Voidfall/OpenALSoft/CMakeFiles/CMakeTmp

Run Build Command(s):C:/Program Files (x86)/Microsoft Visual Studio/2019/Community/MSBuild/Current/Bin/MSBuild.exe cmTC_4f9f8.vcxproj /p:Configuration=Debug /p:Platform=x64 /p:VisualStudioVersion=16.0 /v:m && Microsoft (R) Build Engine version 16.5.0+d4cbfca49 for .NET Framework
Copyright (C) Microsoft Corporation. All rights reserved.

  Microsoft (R) C/C++ Optimizing Compiler Version 19.25.28614 for x64
  CheckFunctionExists.c
  Copyright (C) Microsoft Corporation.  All rights reserved.
  cl /c /Zi /W3 /WX- /diagnostics:column /Od /Ob0 /D WIN32 /D _WINDOWS /D CHECK_FUNCTION_EXISTS=dlopen /D "CMAKE_INTDIR=\"Debug\"" /D _MBCS /Gm- /RTC1 /MDd /GS /fp:precise /Zc:wchar_t /Zc:forScope /Zc:inline /Fo"cmTC_4f9f8.dir\Debug\\" /Fd"cmTC_4f9f8.dir\Debug\vc142.pdb" /Gd /TC /errorReport:queue "C:\Program Files\CMake\share\cmake-3.17\Modules\CheckFunctionExists.c"
LINK : fatal error LNK1104: cannot open file 'dl.lib' [C:\Users\Tim\Desktop\Voidfall\Voidfall\OpenALSoft\CMakeFiles\CMakeTmp\cmTC_4f9f8.vcxproj]



Determining if the posix_memalign exist failed with the following output:
Change Dir: C:/Users/Tim/Desktop/Voidfall/Voidfall/OpenALSoft/CMakeFiles/CMakeTmp

Run Build Command(s):C:/Program Files (x86)/Microsoft Visual Studio/2019/Community/MSBuild/Current/Bin/MSBuild.exe cmTC_c9248.vcxproj /p:Configuration=Debug /p:Platform=x64 /p:VisualStudioVersion=16.0 /v:m && Microsoft (R) Build Engine version 16.5.0+d4cbfca49 for .NET Framework
Copyright (C) Microsoft Corporation. All rights reserved.

  Microsoft (R) C/C++ Optimizing Compiler Version 19.25.28614 for x64
  CheckSymbolExists.c
  Copyright (C) Microsoft Corporation.  All rights reserved.
  cl /c /Zi /W3 /WX- /diagnostics:column /Od /Ob0 /D WIN32 /D _WINDOWS /D "CMAKE_INTDIR=\"Debug\"" /D _MBCS /Gm- /RTC1 /MDd /GS /fp:precise /Zc:wchar_t /Zc:forScope /Zc:inline /Fo"cmTC_c9248.dir\Debug\\" /Fd"cmTC_c9248.dir\Debug\vc142.pdb" /Gd /TC /errorReport:queue C:\Users\Tim\Desktop\Voidfall\Voidfall\OpenALSoft\CMakeFiles\CMakeTmp\CheckSymbolExists.c
C:\Users\Tim\Desktop\Voidfall\Voidfall\OpenALSoft\CMakeFiles\CMakeTmp\CheckSymbolExists.c(8,33): error C2065: 'posix_memalign': undeclared identifier [C:\Users\Tim\Desktop\Voidfall\Voidfall\OpenALSoft\CMakeFiles\CMakeTmp\cmTC_c9248.vcxproj]


File C:/Users/Tim/Desktop/Voidfall/Voidfall/OpenALSoft/CMakeFiles/CMakeTmp/CheckSymbolExists.c:
/* */
#include <stdlib.h>

int main(int argc, char** argv)
{
  (void)argv;
#ifndef posix_memalign
  return ((int*)(&posix_memalign))[argc];
#else
  (void)argc;
  return 0;
#endif
}
Determining if the proc_pidpath exist failed with the following output:
Change Dir: C:/Users/Tim/Desktop/Voidfall/Voidfall/OpenALSoft/CMakeFiles/CMakeTmp

Run Build Command(s):C:/Program Files (x86)/Microsoft Visual Studio/2019/Community/MSBuild/Current/Bin/MSBuild.exe cmTC_7c0da.vcxproj /p:Configuration=Debug /p:Platform=x64 /p:VisualStudioVersion=16.0 /v:m && Microsoft (R) Build Engine version 16.5.0+d4cbfca49 for .NET Framework
Copyright (C) Microsoft Corporation. All rights reserved.

  Microsoft (R) C/C++ Optimizing Compiler Version 19.25.28614 for x64
  CheckSymbolExists.c
  Copyright (C) Microsoft Corporation.  All rights reserved.
  cl /c /Zi /W3 /WX- /diagnostics:column /Od /Ob0 /D WIN32 /D _WINDOWS /D "CMAKE_INTDIR=\"Debug\"" /D _MBCS /Gm- /RTC1 /MDd /GS /fp:precise /Zc:wchar_t /Zc:forScope /Zc:inline /Fo"cmTC_7c0da.dir\Debug\\" /Fd"cmTC_7c0da.dir\Debug\vc142.pdb" /Gd /TC /errorReport:queue C:\Users\Tim\Desktop\Voidfall\Voidfall\OpenALSoft\CMakeFiles\CMakeTmp\CheckSymbolExists.c
C:\Users\Tim\Desktop\Voidfall\Voidfall\OpenALSoft\CMakeFiles\CMakeTmp\CheckSymbolExists.c(2,10): fatal error C1083: Cannot open include file: 'libproc.h': No such file or directory [C:\Users\Tim\Desktop\Voidfall\Voidfall\OpenALSoft\CMakeFiles\CMakeTmp\cmTC_7c0da.vcxproj]


File C:/Users/Tim/Desktop/Voidfall/Voidfall/OpenALSoft/CMakeFiles/CMakeTmp/CheckSymbolExists.c:
/* */
#include <libproc.h>

int main(int argc, char** argv)
{
  (void)argv;
#ifndef proc_pidpath
  return ((int*)(&proc_pidpath))[argc];
#else
  (void)argc;
  return 0;
#endif
}
Determining if the getopt exist failed with the following output:
Change Dir: C:/Users/Tim/Desktop/Voidfall/Voidfall/OpenALSoft/CMakeFiles/CMakeTmp

Run Build Command(s):C:/Program Files (x86)/Microsoft Visual Studio/2019/Community/MSBuild/Current/Bin/MSBuild.exe cmTC_7894f.vcxproj /p:Configuration=Debug /p:Platform=x64 /p:VisualStudioVersion=16.0 /v:m && Microsoft (R) Build Engine version 16.5.0+d4cbfca49 for .NET Framework
Copyright (C) Microsoft Corporation. All rights reserved.

  Microsoft (R) C/C++ Optimizing Compiler Version 19.25.28614 for x64
  CheckSymbolExists.c
  Copyright (C) Microsoft Corporation.  All rights reserved.
  cl /c /Zi /W3 /WX- /diagnostics:column /Od /Ob0 /D WIN32 /D _WINDOWS /D "CMAKE_INTDIR=\"Debug\"" /D _MBCS /Gm- /RTC1 /MDd /GS /fp:precise /Zc:wchar_t /Zc:forScope /Zc:inline /Fo"cmTC_7894f.dir\Debug\\" /Fd"cmTC_7894f.dir\Debug\vc142.pdb" /Gd /TC /errorReport:queue C:\Users\Tim\Desktop\Voidfall\Voidfall\OpenALSoft\CMakeFiles\CMakeTmp\CheckSymbolExists.c
C:\Users\Tim\Desktop\Voidfall\Voidfall\OpenALSoft\CMakeFiles\CMakeTmp\CheckSymbolExists.c(2,10): fatal error C1083: Cannot open include file: 'unistd.h': No such file or directory [C:\Users\Tim\Desktop\Voidfall\Voidfall\OpenALSoft\CMakeFiles\CMakeTmp\cmTC_7894f.vcxproj]


File C:/Users/Tim/Desktop/Voidfall/Voidfall/OpenALSoft/CMakeFiles/CMakeTmp/CheckSymbolExists.c:
/* */
#include <unistd.h>

int main(int argc, char** argv)
{
  (void)argv;
#ifndef getopt
  return ((int*)(&getopt))[argc];
#else
  (void)argc;
  return 0;
#endif
}
Determining if the include file pthread.h exists failed with the following output:
Change Dir: C:/Users/Tim/Desktop/Voidfall/Voidfall/OpenALSoft/CMakeFiles/CMakeTmp

Run Build Command(s):C:/Program Files (x86)/Microsoft Visual Studio/2019/Community/MSBuild/Current/Bin/MSBuild.exe cmTC_08024.vcxproj /p:Configuration=Debug /p:Platform=x64 /p:VisualStudioVersion=16.0 /v:m && Microsoft (R) Build Engine version 16.5.0+d4cbfca49 for .NET Framework
Copyright (C) Microsoft Corporation. All rights reserved.

  Microsoft (R) C/C++ Optimizing Compiler Version 19.25.28614 for x64
  CheckIncludeFile.c
  Copyright (C) Microsoft Corporation.  All rights reserved.
  cl /c /Zi /W3 /WX- /diagnostics:column /Od /Ob0 /D WIN32 /D _WINDOWS /D "CMAKE_INTDIR=\"Debug\"" /D _MBCS /Gm- /RTC1 /MDd /GS /fp:precise /Zc:wchar_t /Zc:forScope /Zc:inline /Fo"cmTC_08024.dir\Debug\\" /Fd"cmTC_08024.dir\Debug\vc142.pdb" /Gd /TC /errorReport:queue C:\Users\Tim\Desktop\Voidfall\Voidfall\OpenALSoft\CMakeFiles\CMakeTmp\CheckIncludeFile.c
C:\Users\Tim\Desktop\Voidfall\Voidfall\OpenALSoft\CMakeFiles\CMakeTmp\CheckIncludeFile.c(1,10): fatal error C1083: Cannot open include file: 'pthread.h': No such file or directory [C:\Users\Tim\Desktop\Voidfall\Voidfall\OpenALSoft\CMakeFiles\CMakeTmp\cmTC_08024.vcxproj]



